2022-03-24 22:33:26,033 [Worker-1: Loading available Gradle versions] INFO  o.e.b.c.i.u.g.PublishedGradleVersions - Gradle version information cache is up-to-date. Trying to read.
2022-03-24 22:34:40,579 [Worker-10: Updating Maven Dependencies] INFO  o.e.m.c.i.l.LifecycleMappingFactory - Using org.eclipse.m2e.jdt.JarLifecycleMapping lifecycle mapping for MavenProject: APITesting:com.org.api:0.0.1-SNAPSHOT @ C:\Local_GIT\com.org.api\pom.xml.
2022-03-24 22:34:45,188 [Worker-3: Building workspace] INFO  o.e.m.c.i.l.LifecycleMappingFactory - Using org.eclipse.m2e.jdt.JarLifecycleMapping lifecycle mapping for MavenProject: Selenium:SeleniumPractise:0.0.1-SNAPSHOT @ C:\Local_GIT\SeleniumPractise\pom.xml.
2022-03-24 22:35:12,151 [Worker-3: Building workspace] INFO  o.e.m.c.i.embedder.EclipseLogger - Using 'UTF-8' encoding to copy filtered resources.
2022-03-24 22:35:12,152 [Worker-3: Building workspace] INFO  o.e.m.c.i.embedder.EclipseLogger - skip non existing resourceDirectory C:\Local_GIT\SeleniumPractise\src\main\resources
2022-03-24 22:35:12,158 [Worker-3: Building workspace] INFO  o.e.m.c.i.embedder.EclipseLogger - Using 'UTF-8' encoding to copy filtered resources.
2022-03-24 22:35:12,159 [Worker-3: Building workspace] INFO  o.e.m.c.i.embedder.EclipseLogger - skip non existing resourceDirectory C:\Local_GIT\SeleniumPractise\src\test\resources
2022-03-24 22:35:12,273 [Worker-1: Updating Maven Dependencies] INFO  o.e.m.c.i.l.LifecycleMappingFactory - Using org.eclipse.m2e.jdt.JarLifecycleMapping lifecycle mapping for MavenProject: APITesting:com.org.api:0.0.1-SNAPSHOT @ C:\Local_GIT\com.org.api\pom.xml.
2022-03-24 22:35:14,417 [Worker-1: Updating Maven Dependencies] INFO  o.e.m.c.i.l.LifecycleMappingFactory - Using org.eclipse.m2e.jdt.JarLifecycleMapping lifecycle mapping for MavenProject: Selenium:SeleniumPractise:0.0.1-SNAPSHOT @ C:\Local_GIT\SeleniumPractise\pom.xml.
2022-03-24 22:35:19,726 [Worker-12: Building workspace] INFO  o.e.m.c.i.embedder.EclipseLogger - Using 'UTF-8' encoding to copy filtered resources.
2022-03-24 22:35:19,726 [Worker-12: Building workspace] INFO  o.e.m.c.i.embedder.EclipseLogger - skip non existing resourceDirectory C:\Local_GIT\SeleniumPractise\src\main\resources
2022-03-24 22:35:19,729 [Worker-12: Building workspace] INFO  o.e.m.c.i.embedder.EclipseLogger - Using 'UTF-8' encoding to copy filtered resources.
2022-03-24 22:35:19,730 [Worker-12: Building workspace] INFO  o.e.m.c.i.embedder.EclipseLogger - skip non existing resourceDirectory C:\Local_GIT\SeleniumPractise\src\test\resources
2022-03-24 22:35:19,831 [Worker-1: Updating Maven Dependencies] INFO  o.e.m.c.i.l.LifecycleMappingFactory - Using org.eclipse.m2e.jdt.JarLifecycleMapping lifecycle mapping for MavenProject: demotc:demo:0.0.1-SNAPSHOT @ C:\Local_GIT\ARRA_Framework_script\demo\pom.xml.
2022-03-24 22:35:20,492 [Worker-10: Building workspace] INFO  o.e.m.c.i.l.LifecycleMappingFactory - Using org.eclipse.m2e.jdt.JarLifecycleMapping lifecycle mapping for MavenProject: APITesting:com.org.api:0.0.1-SNAPSHOT @ C:\Local_GIT\com.org.api\pom.xml.
2022-03-24 22:35:22,748 [Worker-10: Building workspace] INFO  o.e.m.c.i.embedder.EclipseLogger - Using 'UTF-8' encoding to copy filtered resources.
2022-03-24 22:35:22,749 [Worker-10: Building workspace] INFO  o.e.m.c.i.embedder.EclipseLogger - skip non existing resourceDirectory C:\Local_GIT\com.org.api\src\main\resources
2022-03-24 22:35:22,752 [Worker-10: Building workspace] INFO  o.e.m.c.i.embedder.EclipseLogger - Using 'UTF-8' encoding to copy filtered resources.
2022-03-24 22:35:22,752 [Worker-10: Building workspace] INFO  o.e.m.c.i.embedder.EclipseLogger - skip non existing resourceDirectory C:\Local_GIT\com.org.api\src\test\resources
2022-03-24 22:35:23,783 [Worker-3: Updating Maven Dependencies] INFO  o.e.m.c.i.l.LifecycleMappingFactory - Using org.eclipse.m2e.jdt.JarLifecycleMapping lifecycle mapping for MavenProject: APITesting:com.org.api:0.0.1-SNAPSHOT @ C:\Local_GIT\com.org.api\pom.xml.
2022-03-24 22:35:24,369 [Worker-10: Building workspace] INFO  o.e.m.c.i.l.LifecycleMappingFactory - Using org.eclipse.m2e.jdt.JarLifecycleMapping lifecycle mapping for MavenProject: demotc:demo:0.0.1-SNAPSHOT @ C:\Local_GIT\ARRA_Framework_script\demo\pom.xml.
2022-03-24 22:35:30,691 [Worker-10: Building workspace] INFO  o.e.m.c.i.embedder.EclipseLogger - Using 'UTF-8' encoding to copy filtered resources.
2022-03-24 22:35:30,692 [Worker-10: Building workspace] INFO  o.e.m.c.i.embedder.EclipseLogger - skip non existing resourceDirectory C:\Local_GIT\ARRA_Framework_script\demo\src\main\resources
2022-03-24 22:35:30,696 [Worker-10: Building workspace] INFO  o.e.m.c.i.embedder.EclipseLogger - Using 'UTF-8' encoding to copy filtered resources.
2022-03-24 22:35:30,696 [Worker-10: Building workspace] INFO  o.e.m.c.i.embedder.EclipseLogger - skip non existing resourceDirectory C:\Local_GIT\ARRA_Framework_script\demo\src\test\resources
2022-03-24 22:35:32,028 [Worker-5: Updating Maven Dependencies] INFO  o.e.m.c.i.l.LifecycleMappingFactory - Using org.eclipse.m2e.jdt.JarLifecycleMapping lifecycle mapping for MavenProject: APITesting:com.org.api:0.0.1-SNAPSHOT @ C:\Local_GIT\com.org.api\pom.xml.
2022-03-24 22:35:33,774 [Worker-5: Updating Maven Dependencies] INFO  o.e.m.c.i.l.LifecycleMappingFactory - Using org.eclipse.m2e.jdt.JarLifecycleMapping lifecycle mapping for MavenProject: Selenium:SeleniumPractise:0.0.1-SNAPSHOT @ C:\Local_GIT\SeleniumPractise\pom.xml.
2022-03-24 22:35:34,138 [Worker-11: Building workspace] INFO  o.e.m.c.i.embedder.EclipseLogger - Using 'UTF-8' encoding to copy filtered resources.
2022-03-24 22:35:34,139 [Worker-11: Building workspace] INFO  o.e.m.c.i.embedder.EclipseLogger - skip non existing resourceDirectory C:\Local_GIT\com.org.api\src\main\resources
2022-03-24 22:35:34,142 [Worker-11: Building workspace] INFO  o.e.m.c.i.embedder.EclipseLogger - Using 'UTF-8' encoding to copy filtered resources.
2022-03-24 22:35:34,142 [Worker-11: Building workspace] INFO  o.e.m.c.i.embedder.EclipseLogger - skip non existing resourceDirectory C:\Local_GIT\com.org.api\src\test\resources
2022-03-24 22:35:38,560 [Worker-5: Updating Maven Dependencies] INFO  o.e.m.c.i.l.LifecycleMappingFactory - Using org.eclipse.m2e.jdt.JarLifecycleMapping lifecycle mapping for MavenProject: demotc:demo:0.0.1-SNAPSHOT @ C:\Local_GIT\ARRA_Framework_script\demo\pom.xml.
2022-03-24 22:35:45,187 [Worker-9: Building workspace] INFO  o.e.m.c.i.embedder.EclipseLogger - Using 'UTF-8' encoding to copy filtered resources.
2022-03-24 22:35:45,188 [Worker-9: Building workspace] INFO  o.e.m.c.i.embedder.EclipseLogger - skip non existing resourceDirectory C:\Local_GIT\SeleniumPractise\src\main\resources
2022-03-24 22:35:45,192 [Worker-9: Building workspace] INFO  o.e.m.c.i.embedder.EclipseLogger - Using 'UTF-8' encoding to copy filtered resources.
2022-03-24 22:35:45,192 [Worker-9: Building workspace] INFO  o.e.m.c.i.embedder.EclipseLogger - skip non existing resourceDirectory C:\Local_GIT\SeleniumPractise\src\test\resources
2022-03-24 22:35:45,664 [Worker-9: Building workspace] INFO  o.e.m.c.i.embedder.EclipseLogger - Using 'UTF-8' encoding to copy filtered resources.
2022-03-24 22:35:45,664 [Worker-9: Building workspace] INFO  o.e.m.c.i.embedder.EclipseLogger - skip non existing resourceDirectory C:\Local_GIT\com.org.api\src\main\resources
2022-03-24 22:35:45,665 [Worker-9: Building workspace] INFO  o.e.m.c.i.embedder.EclipseLogger - Using 'UTF-8' encoding to copy filtered resources.
2022-03-24 22:35:45,666 [Worker-9: Building workspace] INFO  o.e.m.c.i.embedder.EclipseLogger - skip non existing resourceDirectory C:\Local_GIT\com.org.api\src\test\resources
2022-03-24 22:35:49,709 [Worker-9: Building workspace] INFO  o.e.m.c.i.embedder.EclipseLogger - Using 'UTF-8' encoding to copy filtered resources.
2022-03-24 22:35:49,709 [Worker-9: Building workspace] INFO  o.e.m.c.i.embedder.EclipseLogger - skip non existing resourceDirectory C:\Local_GIT\ARRA_Framework_script\demo\src\main\resources
2022-03-24 22:35:49,712 [Worker-9: Building workspace] INFO  o.e.m.c.i.embedder.EclipseLogger - Using 'UTF-8' encoding to copy filtered resources.
2022-03-24 22:35:49,713 [Worker-9: Building workspace] INFO  o.e.m.c.i.embedder.EclipseLogger - skip non existing resourceDirectory C:\Local_GIT\ARRA_Framework_script\demo\src\test\resources
